<?xml version="1.0" encoding="UTF-8"?>
<!-- Generated by org.testng.reporters.JUnitReportReporter -->
<testsuite hostname="BMT-LAP-46" failures="0" tests="1" name="com.scripts.MavenActitime.TestVerify" time="0.003" errors="0" timestamp="2022-02-04T21:00:42 IST" skipped="0">
  <testcase classname="com.scripts.MavenActitime.TestVerify" name="TestingNewCommit" time="0.003"/>
  <system-out/>
</testsuite> <!-- com.scripts.MavenActitime.TestVerify -->
